2024-10-15T18:55:16.449Z 0: 

----------------------------------------------
2024-10-15T18:55:16.470Z 1: Discord starting: {"releaseChannel":"stable","version":"0.0.67"}, modulepath: /home/sparrow/.config/discord/0.0.67/modules
2024-10-15T18:55:16.478Z 2: ✅ webContents.created web1 ""
2024-10-15T18:55:16.481Z 3: ✅ window.created win1 "discord"
2024-10-15T18:55:17.142Z 4: ✅ webContents.did-finish-load web1
2024-10-15T18:55:39.118Z 5: ✅ webContents.created web2 ""
2024-10-15T18:55:39.147Z 6: ✅ window.created win2 "Discord"
2024-10-15T18:55:43.032Z 7: ✅ webContents.did-finish-load web2
2024-10-15T18:55:43.132Z 8: window.close win1
2024-10-15T18:55:43.555Z 9: webContents.destroyed web1
2024-10-15T18:55:43.655Z 10: window.closed win1
2024-10-15T18:57:16.560Z 11: window.close win2
2024-10-15T18:57:19.820Z 12: before-quit
2024-10-15T18:57:19.824Z 13: window.close win2
2024-10-15T18:57:20.044Z 14: webContents.destroyed web2
2024-10-15T18:57:20.072Z 15: window.closed win2
2024-10-16T03:54:46.325Z 0: 

----------------------------------------------
2024-10-16T03:54:46.359Z 1: Discord starting: {"releaseChannel":"stable","version":"0.0.67"}, modulepath: /home/sparrow/.config/discord/0.0.67/modules
2024-10-16T03:54:46.369Z 2: ✅ webContents.created web1 ""
2024-10-16T03:54:46.372Z 3: ✅ window.created win1 "discord"
2024-10-16T03:54:46.849Z 4: ✅ webContents.did-finish-load web1
2024-10-16T03:54:48.038Z 5: ✅ webContents.created web2 ""
2024-10-16T03:54:48.047Z 6: ✅ window.created win2 "Discord"
2024-10-16T03:54:52.345Z 7: ✅ webContents.did-finish-load web2
2024-10-16T03:54:52.451Z 8: window.close win1
2024-10-16T03:54:52.546Z 9: webContents.destroyed web1
2024-10-16T03:54:52.584Z 10: window.closed win1
2024-10-16T03:54:55.259Z 11: ✅ webContents.did-finish-load web2
2024-10-16T03:56:01.415Z 12: before-quit
2024-10-16T03:56:01.423Z 13: window.close win2
2024-10-16T03:56:01.470Z 14: webContents.destroyed web2
2024-10-16T03:56:05.625Z 0: 

----------------------------------------------
2024-10-16T03:56:05.655Z 1: Discord starting: {"releaseChannel":"stable","version":"0.0.67"}, modulepath: /home/sparrow/.config/discord/0.0.67/modules
2024-10-16T03:56:05.664Z 2: ✅ webContents.created web1 ""
2024-10-16T03:56:05.666Z 3: ✅ window.created win1 "discord"
2024-10-16T03:56:06.009Z 4: ✅ webContents.did-finish-load web1
2024-10-16T03:56:06.988Z 5: ✅ webContents.created web2 ""
2024-10-16T03:56:07.007Z 6: ✅ window.created win2 "Discord"
2024-10-16T03:56:10.155Z 7: ✅ webContents.did-finish-load web2
2024-10-16T03:56:10.258Z 8: window.close win1
2024-10-16T03:56:10.461Z 9: webContents.destroyed web1
2024-10-16T03:56:10.497Z 10: window.closed win1
2024-10-16T03:56:21.363Z 11: window.close win2
2024-10-16T03:56:24.073Z 12: before-quit
2024-10-16T03:56:24.080Z 13: window.close win2
2024-10-16T03:56:24.091Z 14: webContents.destroyed web2
2024-10-17T14:55:33.031Z 0: 

----------------------------------------------
2024-10-17T14:55:33.067Z 1: Discord starting: {"releaseChannel":"stable","version":"0.0.67"}, modulepath: /home/sparrow/.config/discord/0.0.67/modules
2024-10-17T14:55:33.092Z 2: ✅ webContents.created web1 ""
2024-10-17T14:55:33.097Z 3: ✅ window.created win1 "discord"
2024-10-17T14:55:33.644Z 4: ✅ webContents.did-finish-load web1
2024-10-17T14:55:34.879Z 5: ✅ webContents.created web2 ""
2024-10-17T14:55:34.894Z 6: ✅ window.created win2 "Discord"
2024-10-17T14:55:41.355Z 7: ✅ webContents.did-finish-load web2
2024-10-17T14:55:41.447Z 8: window.close win1
2024-10-17T14:55:41.665Z 9: webContents.destroyed web1
2024-10-17T14:55:41.731Z 10: window.closed win1
2024-10-17T14:55:59.127Z 11: before-quit
2024-10-17T14:55:59.131Z 12: window.close win2
2024-10-17T14:55:59.154Z 13: webContents.destroyed web2
